<?xml version="1.0" encoding="utf-8"?><testsuites name="pytest tests"><testsuite name="pytest" errors="0" failures="0" skipped="0" tests="17" time="0.108" timestamp="2026-02-13T18:24:16.309317-08:00" hostname="pallabs-Mac-mini.local"><testcase classname="tests.unit.test_logger.TestSetupLogger" name="test_setup_logger_returns_logger" time="0.010" /><testcase classname="tests.unit.test_logger.TestSetupLogger" name="test_file_sinks_created" time="0.012" /><testcase classname="tests.unit.test_logger.TestSetupLogger" name="test_execution_log_captures_debug" time="0.009" /><testcase classname="tests.unit.test_logger.TestSetupLogger" name="test_error_log_captures_errors_only" time="0.009" /><testcase classname="tests.unit.test_logger.TestSetupLogger" name="test_config_overrides" time="0.009" /><testcase classname="tests.unit.test_logger.TestSetupLogger" name="test_log_format" time="0.009" /><testcase classname="tests.unit.test_logger.TestRedactSensitive" name="test_redact_api_key" time="0.000" /><testcase classname="tests.unit.test_logger.TestRedactSensitive" name="test_redact_api_key_colon" time="0.000" /><testcase classname="tests.unit.test_logger.TestRedactSensitive" name="test_redact_password" time="0.000" /><testcase classname="tests.unit.test_logger.TestRedactSensitive" name="test_redact_postgres_connection" time="0.000" /><testcase classname="tests.unit.test_logger.TestRedactSensitive" name="test_redact_polygon_key_pattern" time="0.000" /><testcase classname="tests.unit.test_logger.TestRedactSensitive" name="test_redact_preserves_normal_text" time="0.000" /><testcase classname="tests.unit.test_logger.TestRedactSensitive" name="test_redact_token" time="0.000" /><testcase classname="tests.unit.test_logger.TestRedactSensitive" name="test_redact_secret" time="0.000" /><testcase classname="tests.unit.test_logger.TestRedactSensitive" name="test_redact_bearer" time="0.000" /><testcase classname="tests.unit.test_logger.TestRedactionAppliedToFileSink" name="test_redaction_applied_to_file_sink" time="0.009" /><testcase classname="tests.unit.test_logger.TestRedactionAppliedToFileSink" name="test_password_redacted_in_error_log" time="0.009" /></testsuite></testsuites>