<?xml version="1.0" encoding="utf-8"?><testsuites name="pytest tests"><testsuite name="pytest" errors="0" failures="0" skipped="0" tests="15" time="0.058" timestamp="2026-02-13T18:06:42.688007-08:00" hostname="pallabs-Mac-mini.local"><testcase classname="tests.unit.test_config_loader.TestLoadValidConfig" name="test_load_valid_config" time="0.005" /><testcase classname="tests.unit.test_config_loader.TestEnvVarSubstitution" name="test_env_var_substitution" time="0.002" /><testcase classname="tests.unit.test_config_loader.TestEnvVarSubstitution" name="test_env_var_inline_substitution" time="0.002" /><testcase classname="tests.unit.test_config_loader.TestMissingEnvVar" name="test_missing_env_var_raises" time="0.002" /><testcase classname="tests.unit.test_config_loader.TestMissingYaml" name="test_missing_yaml_raises" time="0.001" /><testcase classname="tests.unit.test_config_loader.TestMissingYaml" name="test_missing_config_dir_raises" time="0.000" /><testcase classname="tests.unit.test_config_loader.TestInvalidYaml" name="test_invalid_yaml_raises" time="0.001" /><testcase classname="tests.unit.test_config_loader.TestDeepMerge" name="test_deep_merge" time="0.002" /><testcase classname="tests.unit.test_config_loader.TestDeepMerge" name="test_list_overwrite" time="0.002" /><testcase classname="tests.unit.test_config_loader.TestReload" name="test_reload" time="0.003" /><testcase classname="tests.unit.test_config_loader.TestDefaultValuesAccessible" name="test_default_values_accessible" time="0.002" /><testcase classname="tests.unit.test_config_loader.TestApiKeyValidation" name="test_api_key_validation_missing" time="0.002" /><testcase classname="tests.unit.test_config_loader.TestApiKeyValidation" name="test_api_key_validation_unresolved" time="0.002" /><testcase classname="tests.unit.test_config_loader.TestSecurityNoKeyInRepr" name="test_security_no_key_in_repr" time="0.002" /><testcase classname="tests.unit.test_config_loader.TestSecurityNoKeyInRepr" name="test_config_dict_not_in_repr" time="0.002" /></testsuite></testsuites>