<?xml version="1.0" encoding="utf-8"?><testsuites name="pytest tests"><testsuite name="pytest" errors="0" failures="0" skipped="0" tests="31" time="11.678" timestamp="2026-02-13T18:36:29.340920-08:00" hostname="pallabs-Mac-mini.local"><testcase classname="tests.unit.test_retry_handler.TestWithRetry" name="test_succeeds_first_try" time="0.001" /><testcase classname="tests.unit.test_retry_handler.TestWithRetry" name="test_retries_on_500" time="0.039" /><testcase classname="tests.unit.test_retry_handler.TestWithRetry" name="test_retries_on_429" time="0.013" /><testcase classname="tests.unit.test_retry_handler.TestWithRetry" name="test_no_retry_on_400" time="0.000" /><testcase classname="tests.unit.test_retry_handler.TestWithRetry" name="test_no_retry_on_403" time="0.000" /><testcase classname="tests.unit.test_retry_handler.TestWithRetry" name="test_max_attempts_exceeded" time="0.038" /><testcase classname="tests.unit.test_retry_handler.TestWithRetry" name="test_uses_source_config" time="0.139" /><testcase classname="tests.unit.test_retry_handler.TestWithRetry" name="test_falls_back_to_default" time="0.039" /><testcase classname="tests.unit.test_retry_handler.TestWithRetry" name="test_logs_attempts" time="0.015" /><testcase classname="tests.unit.test_retry_handler.TestGetRetryConfig" name="test_none_config_returns_defaults" time="0.000" /><testcase classname="tests.unit.test_retry_handler.TestGetRetryConfig" name="test_source_config_preferred" time="0.000" /><testcase classname="tests.unit.test_retry_handler.TestGetRetryConfig" name="test_default_fallback" time="0.000" /><testcase classname="tests.unit.test_retry_handler.TestRetryableError" name="test_stores_status_code" time="0.000" /><testcase classname="tests.unit.test_retry_handler.TestRetryableError" name="test_default_status_code" time="0.000" /><testcase classname="tests.unit.test_connection_manager.TestTokenBucket" name="test_acquire_when_tokens_available" time="0.000" /><testcase classname="tests.unit.test_connection_manager.TestTokenBucket" name="test_acquire_multiple" time="0.000" /><testcase classname="tests.unit.test_connection_manager.TestTokenBucket" name="test_blocks_when_exhausted" time="0.013" /><testcase classname="tests.unit.test_connection_manager.TestTokenBucket" name="test_timeout_returns_false" time="0.013" /><testcase classname="tests.unit.test_connection_manager.TestTokenBucket" name="test_pause_delays_acquisition" time="0.206" /><testcase classname="tests.unit.test_connection_manager.TestTokenBucket" name="test_available_tokens_property" time="0.001" /><testcase classname="tests.unit.test_connection_manager.TestTokenBucket" name="test_thread_safety" time="0.001" /><testcase classname="tests.unit.test_connection_manager.TestConnectionManager" name="test_get_rest_client_returns_client" time="0.003" /><testcase classname="tests.unit.test_connection_manager.TestConnectionManager" name="test_get_rest_client_singleton" time="0.001" /><testcase classname="tests.unit.test_connection_manager.TestConnectionManager" name="test_acquire_rate_limit" time="0.001" /><testcase classname="tests.unit.test_connection_manager.TestConnectionManager" name="test_rate_limit_blocks_when_exhausted" time="10.003" /><testcase classname="tests.unit.test_connection_manager.TestConnectionManager" name="test_handle_rate_limit_response" time="1.006" /><testcase classname="tests.unit.test_connection_manager.TestConnectionManager" name="test_handle_rate_limit_response_default" time="0.001" /><testcase classname="tests.unit.test_connection_manager.TestConnectionManager" name="test_health_check_success" time="0.002" /><testcase classname="tests.unit.test_connection_manager.TestConnectionManager" name="test_health_check_failure" time="0.001" /><testcase classname="tests.unit.test_connection_manager.TestConnectionManager" name="test_close" time="0.001" /><testcase classname="tests.unit.test_connection_manager.TestConnectionManager" name="test_close_without_client" time="0.000" /></testsuite></testsuites>