<?xml version="1.0" encoding="utf-8"?><testsuites name="pytest tests"><testsuite name="pytest" errors="0" failures="0" skipped="0" tests="77" time="11.890" timestamp="2026-02-13T19:16:30.686188-08:00" hostname="pallabs-Mac-mini.local"><testcase classname="tests.unit.test_config_loader.TestLoadValidConfig" name="test_load_valid_config" time="0.005" /><testcase classname="tests.unit.test_config_loader.TestEnvVarSubstitution" name="test_env_var_substitution" time="0.002" /><testcase classname="tests.unit.test_config_loader.TestEnvVarSubstitution" name="test_env_var_inline_substitution" time="0.002" /><testcase classname="tests.unit.test_config_loader.TestMissingEnvVar" name="test_missing_env_var_raises" time="0.002" /><testcase classname="tests.unit.test_config_loader.TestMissingYaml" name="test_missing_yaml_raises" time="0.001" /><testcase classname="tests.unit.test_config_loader.TestMissingYaml" name="test_missing_config_dir_raises" time="0.000" /><testcase classname="tests.unit.test_config_loader.TestInvalidYaml" name="test_invalid_yaml_raises" time="0.001" /><testcase classname="tests.unit.test_config_loader.TestDeepMerge" name="test_deep_merge" time="0.002" /><testcase classname="tests.unit.test_config_loader.TestDeepMerge" name="test_list_overwrite" time="0.002" /><testcase classname="tests.unit.test_config_loader.TestReload" name="test_reload" time="0.003" /><testcase classname="tests.unit.test_config_loader.TestDefaultValuesAccessible" name="test_default_values_accessible" time="0.002" /><testcase classname="tests.unit.test_config_loader.TestApiKeyValidation" name="test_api_key_validation_missing" time="0.002" /><testcase classname="tests.unit.test_config_loader.TestApiKeyValidation" name="test_api_key_validation_unresolved" time="0.002" /><testcase classname="tests.unit.test_config_loader.TestSecurityNoKeyInRepr" name="test_security_no_key_in_repr" time="0.002" /><testcase classname="tests.unit.test_config_loader.TestSecurityNoKeyInRepr" name="test_config_dict_not_in_repr" time="0.002" /><testcase classname="tests.unit.test_connection_manager.TestTokenBucket" name="test_acquire_when_tokens_available" time="0.000" /><testcase classname="tests.unit.test_connection_manager.TestTokenBucket" name="test_acquire_multiple" time="0.000" /><testcase classname="tests.unit.test_connection_manager.TestTokenBucket" name="test_blocks_when_exhausted" time="0.013" /><testcase classname="tests.unit.test_connection_manager.TestTokenBucket" name="test_timeout_returns_false" time="0.013" /><testcase classname="tests.unit.test_connection_manager.TestTokenBucket" name="test_pause_delays_acquisition" time="0.206" /><testcase classname="tests.unit.test_connection_manager.TestTokenBucket" name="test_available_tokens_property" time="0.001" /><testcase classname="tests.unit.test_connection_manager.TestTokenBucket" name="test_thread_safety" time="0.002" /><testcase classname="tests.unit.test_connection_manager.TestConnectionManager" name="test_get_rest_client_returns_client" time="0.002" /><testcase classname="tests.unit.test_connection_manager.TestConnectionManager" name="test_get_rest_client_singleton" time="0.001" /><testcase classname="tests.unit.test_connection_manager.TestConnectionManager" name="test_acquire_rate_limit" time="0.001" /><testcase classname="tests.unit.test_connection_manager.TestConnectionManager" name="test_rate_limit_blocks_when_exhausted" time="10.007" /><testcase classname="tests.unit.test_connection_manager.TestConnectionManager" name="test_handle_rate_limit_response" time="1.007" /><testcase classname="tests.unit.test_connection_manager.TestConnectionManager" name="test_handle_rate_limit_response_default" time="0.002" /><testcase classname="tests.unit.test_connection_manager.TestConnectionManager" name="test_health_check_success" time="0.003" /><testcase classname="tests.unit.test_connection_manager.TestConnectionManager" name="test_health_check_failure" time="0.002" /><testcase classname="tests.unit.test_connection_manager.TestConnectionManager" name="test_close" time="0.003" /><testcase classname="tests.unit.test_connection_manager.TestConnectionManager" name="test_close_without_client" time="0.001" /><testcase classname="tests.unit.test_logger.TestSetupLogger" name="test_setup_logger_returns_logger" time="0.021" /><testcase classname="tests.unit.test_logger.TestSetupLogger" name="test_file_sinks_created" time="0.017" /><testcase classname="tests.unit.test_logger.TestSetupLogger" name="test_execution_log_captures_debug" time="0.014" /><testcase classname="tests.unit.test_logger.TestSetupLogger" name="test_error_log_captures_errors_only" time="0.012" /><testcase classname="tests.unit.test_logger.TestSetupLogger" name="test_config_overrides" time="0.010" /><testcase classname="tests.unit.test_logger.TestSetupLogger" name="test_log_format" time="0.010" /><testcase classname="tests.unit.test_logger.TestRedactSensitive" name="test_redact_api_key" time="0.000" /><testcase classname="tests.unit.test_logger.TestRedactSensitive" name="test_redact_api_key_colon" time="0.000" /><testcase classname="tests.unit.test_logger.TestRedactSensitive" name="test_redact_password" time="0.000" /><testcase classname="tests.unit.test_logger.TestRedactSensitive" name="test_redact_postgres_connection" time="0.000" /><testcase classname="tests.unit.test_logger.TestRedactSensitive" name="test_redact_polygon_key_pattern" time="0.000" /><testcase classname="tests.unit.test_logger.TestRedactSensitive" name="test_redact_preserves_normal_text" time="0.000" /><testcase classname="tests.unit.test_logger.TestRedactSensitive" name="test_redact_token" time="0.000" /><testcase classname="tests.unit.test_logger.TestRedactSensitive" name="test_redact_secret" time="0.000" /><testcase classname="tests.unit.test_logger.TestRedactSensitive" name="test_redact_bearer" time="0.000" /><testcase classname="tests.unit.test_logger.TestRedactionAppliedToFileSink" name="test_redaction_applied_to_file_sink" time="0.010" /><testcase classname="tests.unit.test_logger.TestRedactionAppliedToFileSink" name="test_password_redacted_in_error_log" time="0.009" /><testcase classname="tests.unit.test_polygon_client.TestConnect" name="test_connect_sets_mode" time="0.000" /><testcase classname="tests.unit.test_polygon_client.TestFetchHistorical" name="test_single_date" time="0.001" /><testcase classname="tests.unit.test_polygon_client.TestFetchHistorical" name="test_date_range" time="0.001" /><testcase classname="tests.unit.test_polygon_client.TestFetchHistorical" name="test_empty_date" time="0.001" /><testcase classname="tests.unit.test_polygon_client.TestFetchHistorical" name="test_skips_date_on_persistent_error" time="0.039" /><testcase classname="tests.unit.test_polygon_client.TestFetchHistorical" name="test_rate_limit_acquired_per_date" time="0.001" /><testcase classname="tests.unit.test_polygon_client.TestFetchHistorical" name="test_retries_on_server_error" time="0.013" /><testcase classname="tests.unit.test_polygon_client.TestTransformAgg" name="test_transform_agg" time="0.001" /><testcase classname="tests.unit.test_polygon_client.TestValidateRecord" name="test_valid_record" time="0.001" /><testcase classname="tests.unit.test_polygon_client.TestValidateRecord" name="test_missing_field" time="0.001" /><testcase classname="tests.unit.test_polygon_client.TestValidateRecord" name="test_negative_price" time="0.001" /><testcase classname="tests.unit.test_polygon_client.TestValidateRecord" name="test_zero_timestamp" time="0.001" /><testcase classname="tests.unit.test_polygon_client.TestValidateRecord" name="test_none_field" time="0.001" /><testcase classname="tests.unit.test_polygon_client.TestStreamRealtime" name="test_not_implemented" time="0.001" /><testcase classname="tests.unit.test_retry_handler.TestWithRetry" name="test_succeeds_first_try" time="0.000" /><testcase classname="tests.unit.test_retry_handler.TestWithRetry" name="test_retries_on_500" time="0.038" /><testcase classname="tests.unit.test_retry_handler.TestWithRetry" name="test_retries_on_429" time="0.013" /><testcase classname="tests.unit.test_retry_handler.TestWithRetry" name="test_no_retry_on_400" time="0.001" /><testcase classname="tests.unit.test_retry_handler.TestWithRetry" name="test_no_retry_on_403" time="0.000" /><testcase classname="tests.unit.test_retry_handler.TestWithRetry" name="test_max_attempts_exceeded" time="0.038" /><testcase classname="tests.unit.test_retry_handler.TestWithRetry" name="test_uses_source_config" time="0.137" /><testcase classname="tests.unit.test_retry_handler.TestWithRetry" name="test_falls_back_to_default" time="0.039" /><testcase classname="tests.unit.test_retry_handler.TestWithRetry" name="test_logs_attempts" time="0.017" /><testcase classname="tests.unit.test_retry_handler.TestGetRetryConfig" name="test_none_config_returns_defaults" time="0.001" /><testcase classname="tests.unit.test_retry_handler.TestGetRetryConfig" name="test_source_config_preferred" time="0.001" /><testcase classname="tests.unit.test_retry_handler.TestGetRetryConfig" name="test_default_fallback" time="0.001" /><testcase classname="tests.unit.test_retry_handler.TestRetryableError" name="test_stores_status_code" time="0.000" /><testcase classname="tests.unit.test_retry_handler.TestRetryableError" name="test_default_status_code" time="0.001" /></testsuite></testsuites>